[1213/180726:ERROR:process_reader_win.cc(233)] ReadMemory at 0x73bf0000 of 64 bytes failed: 仅完成部分的 ReadProcessMemory 或 WriteProcessMemory 请求。 (0x12B)
[1213/180726:WARNING:pe_image_reader.cc(281)] could not read dos header from C:\Windows\SYSTEM32\WINMMBASE.dll
[1213/180726:ERROR:process_reader_win.cc(233)] ReadMemory at 0x73c20000 of 64 bytes failed: 仅完成部分的 ReadProcessMemory 或 WriteProcessMemory 请求。 (0x12B)
[1213/180726:WARNING:pe_image_reader.cc(281)] could not read dos header from C:\Windows\SYSTEM32\WINMM.dll
[1213/180726:ERROR:process_reader_win.cc(233)] ReadMemory at 0x74000000 of 64 bytes failed: 仅完成部分的 ReadProcessMemory 或 WriteProcessMemory 请求。 (0x12B)
[1213/180726:WARNING:pe_image_reader.cc(281)] could not read dos header from C:\Windows\SYSTEM32\WTSAPI32.dll
[1213/180726:ERROR:process_reader_win.cc(233)] ReadMemory at 0x73fe0000 of 64 bytes failed: 仅完成部分的 ReadProcessMemory 或 WriteProcessMemory 请求。 (0x12B)
[1213/180726:WARNING:pe_image_reader.cc(281)] could not read dos header from C:\Windows\SYSTEM32\USERENV.dll
[1213/180726:ERROR:process_reader_win.cc(233)] ReadMemory at 0x71a20000 of 64 bytes failed: 仅完成部分的 ReadProcessMemory 或 WriteProcessMemory 请求。 (0x12B)
[1213/180726:WARNING:pe_image_reader.cc(281)] could not read dos header from C:\Windows\SYSTEM32\WINHTTP.dll
[1213/180726:ERROR:process_reader_win.cc(233)] ReadMemory at 0x751e0000 of 64 bytes failed: 仅完成部分的 ReadProcessMemory 或 WriteProcessMemory 请求。 (0x12B)
[1213/180726:WARNING:pe_image_reader.cc(281)] could not read dos header from C:\Windows\SYSTEM32\ole32.dll
[1213/180726:ERROR:process_reader_win.cc(233)] ReadMemory at 0x76d50000 of 64 bytes failed: 仅完成部分的 ReadProcessMemory 或 WriteProcessMemory 请求。 (0x12B)
[1213/180726:WARNING:pe_image_reader.cc(281)] could not read dos header from C:\Windows\SYSTEM32\OLEAUT32.dll
[1213/180726:ERROR:process_reader_win.cc(233)] ReadMemory at 0x75050000 of 64 bytes failed: 仅完成部分的 ReadProcessMemory 或 WriteProcessMemory 请求。 (0x12B)
[1213/180726:WARNING:pe_image_reader.cc(281)] could not read dos header from C:\Windows\SYSTEM32\WS2_32.dll
[1213/180726:ERROR:process_reader_win.cc(233)] ReadMemory at 0x76d30000 of 64 bytes failed: 仅完成部分的 ReadProcessMemory 或 WriteProcessMemory 请求。 (0x12B)
[1213/180726:WARNING:pe_image_reader.cc(281)] could not read dos header from C:\Windows\SYSTEM32\NETAPI32.dll
[1213/180726:ERROR:process_reader_win.cc(233)] ReadMemory at 0x73190000 of 64 bytes failed: 仅完成部分的 ReadProcessMemory 或 WriteProcessMemory 请求。 (0x12B)
[1213/180726:WARNING:pe_image_reader.cc(281)] could not read dos header from C:\Windows\SYSTEM32\bcrypt.dll
[1213/180726:ERROR:process_reader_win.cc(233)] ReadMemory at 0x731b0000 of 64 bytes failed: 仅完成部分的 ReadProcessMemory 或 WriteProcessMemory 请求。 (0x12B)
[1213/180726:WARNING:pe_image_reader.cc(281)] could not read dos header from C:\Windows\SYSTEM32\WKSCLI.DLL
[1213/180726:ERROR:process_reader_win.cc(233)] ReadMemory at 0x739c0000 of 64 bytes failed: 仅完成部分的 ReadProcessMemory 或 WriteProcessMemory 请求。 (0x12B)
[1213/180726:WARNING:pe_image_reader.cc(281)] could not read dos header from C:\Windows\SYSTEM32\NETUTILS.DLL
[1213/180726:ERROR:process_reader_win.cc(233)] ReadMemory at 0x73370000 of 64 bytes failed: 仅完成部分的 ReadProcessMemory 或 WriteProcessMemory 请求。 (0x12B)
[1213/180726:WARNING:pe_image_reader.cc(281)] could not read dos header from C:\Program Files (x86)\360\360Safe\safemon\safemon.dll
[1213/180726:ERROR:process_reader_win.cc(233)] ReadMemory at 0x67b40000 of 64 bytes failed: 仅完成部分的 ReadProcessMemory 或 WriteProcessMemory 请求。 (0x12B)
[1213/180726:WARNING:pe_image_reader.cc(281)] could not read dos header from C:\Program Files (x86)\360\360Safe\safemon\iNetSafe.dll
[1213/180726:ERROR:process_reader_win.cc(233)] ReadMemory at 0x728a0000 of 64 bytes failed: 仅完成部分的 ReadProcessMemory 或 WriteProcessMemory 请求。 (0x12B)
[1213/180726:WARNING:pe_image_reader.cc(281)] could not read dos header from C:\Windows\SYSTEM32\dbghelp.dll
[1213/180726:ERROR:process_reader_win.cc(233)] ReadMemory at 0x70a80000 of 64 bytes failed: 仅完成部分的 ReadProcessMemory 或 WriteProcessMemory 请求。 (0x12B)
[1213/180726:WARNING:pe_image_reader.cc(281)] could not read dos header from C:\Windows\WinSxS\x86_microsoft.windows.common-controls_6595b64144ccf1df_6.0.10586.672_none_ea83eaa5b9bc2149\COMCTL32.dll
[1213/180726:ERROR:process_reader_win.cc(233)] ReadMemory at 0x76cd0000 of 64 bytes failed: 仅完成部分的 ReadProcessMemory 或 WriteProcessMemory 请求。 (0x12B)
[1213/180726:WARNING:pe_image_reader.cc(281)] could not read dos header from C:\Windows\SYSTEM32\FirewallAPI.dll
[1213/180726:ERROR:process_reader_win.cc(233)] ReadMemory at 0x73200000 of 64 bytes failed: 仅完成部分的 ReadProcessMemory 或 WriteProcessMemory 请求。 (0x12B)
[1213/180726:WARNING:pe_image_reader.cc(281)] could not read dos header from C:\Windows\SYSTEM32\fwbase.dll
[1213/180726:ERROR:process_reader_win.cc(233)] ReadMemory at 0x72450000 of 64 bytes failed: 仅完成部分的 ReadProcessMemory 或 WriteProcessMemory 请求。 (0x12B)
[1213/180726:WARNING:pe_image_reader.cc(281)] could not read dos header from C:\Windows\SYSTEM32\DAVHLPR.DLL
[1213/180726:ERROR:process_reader_win.cc(233)] ReadMemory at 0x77200000 of 64 bytes failed: 仅完成部分的 ReadProcessMemory 或 WriteProcessMemory 请求。 (0x12B)
[1213/180726:WARNING:pe_image_reader.cc(281)] could not read dos header from C:\Windows\SYSTEM32\COMDLG32.dll
[1213/180726:ERROR:process_reader_win.cc(233)] ReadMemory at 0x709a0000 of 64 bytes failed: 仅完成部分的 ReadProcessMemory 或 WriteProcessMemory 请求。 (0x12B)
[1213/180726:WARNING:pe_image_reader.cc(281)] could not read dos header from C:\Windows\SYSTEM32\USP10.dll
[1213/180726:ERROR:process_reader_win.cc(233)] ReadMemory at 0x6e0a0000 of 64 bytes failed: 仅完成部分的 ReadProcessMemory 或 WriteProcessMemory 请求。 (0x12B)
[1213/180726:WARNING:pe_image_reader.cc(281)] could not read dos header from C:\Windows\SYSTEM32\WINSPOOL.DRV
[1213/180726:ERROR:process_reader_win.cc(233)] ReadMemory at 0x73e20000 of 64 bytes failed: 仅完成部分的 ReadProcessMemory 或 WriteProcessMemory 请求。 (0x12B)
[1213/180726:WARNING:pe_image_reader.cc(281)] could not read dos header from C:\Windows\SYSTEM32\IPHLPAPI.DLL
[1213/180726:ERROR:process_reader_win.cc(233)] ReadMemory at 0x73b70000 of 64 bytes failed: 仅完成部分的 ReadProcessMemory 或 WriteProcessMemory 请求。 (0x12B)
[1213/180726:WARNING:pe_image_reader.cc(281)] could not read dos header from C:\Windows\SYSTEM32\Secur32.dll
[1213/180726:ERROR:process_reader_win.cc(233)] ReadMemory at 0x6dea0000 of 64 bytes failed: 仅完成部分的 ReadProcessMemory 或 WriteProcessMemory 请求。 (0x12B)
[1213/180726:WARNING:pe_image_reader.cc(281)] could not read dos header from C:\Windows\SYSTEM32\DWrite.dll
[1213/180726:ERROR:process_reader_win.cc(233)] ReadMemory at 0x76df0000 of 64 bytes failed: 仅完成部分的 ReadProcessMemory 或 WriteProcessMemory 请求。 (0x12B)
[1213/180726:WARNING:pe_image_reader.cc(281)] could not read dos header from C:\Windows\SYSTEM32\MSASN1.dll
[1213/180726:ERROR:process_reader_win.cc(233)] ReadMemory at 0x74760000 of 64 bytes failed: 仅完成部分的 ReadProcessMemory 或 WriteProcessMemory 请求。 (0x12B)
[1213/180726:WARNING:pe_image_reader.cc(281)] could not read dos header from C:\Windows\SYSTEM32\CRYPT32.dll
[1213/180726:ERROR:process_reader_win.cc(233)] ReadMemory at 0x74590000 of 64 bytes failed: 仅完成部分的 ReadProcessMemory 或 WriteProcessMemory 请求。 (0x12B)
[1213/180726:WARNING:pe_image_reader.cc(281)] could not read dos header from C:\Windows\SYSTEM32\WINTRUST.dll
[1213/180726:ERROR:process_reader_win.cc(233)] ReadMemory at 0xf820000 of 64 bytes failed: 仅完成部分的 ReadProcessMemory 或 WriteProcessMemory 请求。 (0x12B)
[1213/180726:WARNING:pe_image_reader.cc(281)] could not read dos header from C:\Program Files (x86)\Google\Chrome\Application\55.0.2883.75\chrome_child.dll
[1213/180726:ERROR:process_reader_win.cc(233)] ReadMemory at 0xbe0000 of 64 bytes failed: 仅完成部分的 ReadProcessMemory 或 WriteProcessMemory 请求。 (0x12B)
[1213/180726:WARNING:pe_image_reader.cc(281)] could not read dos header from C:\Program Files (x86)\Google\Chrome\Application\chrome.exe
[1213/180726:ERROR:process_reader_win.cc(233)] ReadMemory at 0x77300000 of 64 bytes failed: 仅完成部分的 ReadProcessMemory 或 WriteProcessMemory 请求。 (0x12B)
[1213/180726:WARNING:pe_image_reader.cc(281)] could not read dos header from C:\Windows\SYSTEM32\ntdll.dll
[1213/180726:ERROR:process_reader_win.cc(233)] ReadMemory at 0x74930000 of 64 bytes failed: 仅完成部分的 ReadProcessMemory 或 WriteProcessMemory 请求。 (0x12B)
[1213/180726:WARNING:pe_image_reader.cc(281)] could not read dos header from C:\Windows\SYSTEM32\KERNELBASE.dll
[1213/180726:ERROR:process_reader_win.cc(233)] ReadMemory at 0x75360000 of 64 bytes failed: 仅完成部分的 ReadProcessMemory 或 WriteProcessMemory 请求。 (0x12B)
[1213/180726:WARNING:pe_image_reader.cc(281)] could not read dos header from C:\Windows\SYSTEM32\KERNEL32.DLL
[1213/180726:ERROR:process_reader_win.cc(233)] ReadMemory at 0x6c1b0000 of 64 bytes failed: 仅完成部分的 ReadProcessMemory 或 WriteProcessMemory 请求。 (0x12B)
[1213/180726:WARNING:pe_image_reader.cc(281)] could not read dos header from C:\Windows\system32\apphelp.dll
[1213/180726:ERROR:process_reader_win.cc(233)] ReadMemory at 0x74b80000 of 64 bytes failed: 仅完成部分的 ReadProcessMemory 或 WriteProcessMemory 请求。 (0x12B)
[1213/180726:WARNING:pe_image_reader.cc(281)] could not read dos header from C:\Windows\SYSTEM32\msvcrt.dll
[1213/180726:ERROR:process_reader_win.cc(233)] ReadMemory at 0x74010000 of 64 bytes failed: 仅完成部分的 ReadProcessMemory 或 WriteProcessMemory 请求。 (0x12B)
[1213/180726:WARNING:pe_image_reader.cc(281)] could not read dos header from C:\Windows\SYSTEM32\VERSION.dll
[1213/180726:ERROR:process_reader_win.cc(233)] ReadMemory at 0x608f0000 of 64 bytes failed: 仅完成部分的 ReadProcessMemory 或 WriteProcessMemory 请求。 (0x12B)
[1213/180726:WARNING:pe_image_reader.cc(281)] could not read dos header from C:\Program Files (x86)\Google\Chrome\Application\55.0.2883.75\chrome_elf.dll
[1213/180726:ERROR:process_reader_win.cc(233)] ReadMemory at 0x74700000 of 64 bytes failed: 仅完成部分的 ReadProcessMemory 或 WriteProcessMemory 请求。 (0x12B)
[1213/180726:WARNING:pe_image_reader.cc(281)] could not read dos header from C:\Windows\SYSTEM32\bcryptPrimitives.dll
[1213/180726:ERROR:process_reader_win.cc(233)] ReadMemory at 0x74020000 of 64 bytes failed: 仅完成部分的 ReadProcessMemory 或 WriteProcessMemory 请求。 (0x12B)
[1213/180726:WARNING:pe_image_reader.cc(281)] could not read dos header from C:\Windows\SYSTEM32\CRYPTBASE.dll
[1213/180726:ERROR:process_reader_win.cc(233)] ReadMemory at 0x74030000 of 64 bytes failed: 仅完成部分的 ReadProcessMemory 或 WriteProcessMemory 请求。 (0x12B)
[1213/180726:WARNING:pe_image_reader.cc(281)] could not read dos header from C:\Windows\SYSTEM32\SspiCli.dll
[1213/180726:ERROR:process_reader_win.cc(233)] ReadMemory at 0x75130000 of 64 bytes failed: 仅完成部分的 ReadProcessMemory 或 WriteProcessMemory 请求。 (0x12B)
[1213/180726:WARNING:pe_image_reader.cc(281)] could not read dos header from C:\Windows\SYSTEM32\RPCRT4.dll
[1213/180726:ERROR:process_reader_win.cc(233)] ReadMemory at 0x74c50000 of 64 bytes failed: 仅完成部分的 ReadProcessMemory 或 WriteProcessMemory 请求。 (0x12B)
[1213/180726:WARNING:pe_image_reader.cc(281)] could not read dos header from C:\Windows\SYSTEM32\sechost.dll
[1213/180726:ERROR:process_reader_win.cc(233)] ReadMemory at 0x750b0000 of 64 bytes failed: 仅完成部分的 ReadProcessMemory 或 WriteProcessMemory 请求。 (0x12B)
[1213/180726:WARNING:pe_image_reader.cc(281)] could not read dos header from C:\Windows\SYSTEM32\ADVAPI32.dll
[1213/180726:ERROR:process_reader_win.cc(233)] ReadMemory at 0x76840000 of 64 bytes failed: 仅完成部分的 ReadProcessMemory 或 WriteProcessMemory 请求。 (0x12B)
[1213/180726:WARNING:pe_image_reader.cc(281)] could not read dos header from C:\Windows\SYSTEM32\PSAPI.DLL
[1213/180726:ERROR:process_reader_win.cc(233)] ReadMemory at 0x74050000 of 64 bytes failed: 仅完成部分的 ReadProcessMemory 或 WriteProcessMemory 请求。 (0x12B)
[1213/180726:WARNING:pe_image_reader.cc(281)] could not read dos header from C:\Windows\SYSTEM32\cfgmgr32.dll
[1213/180726:ERROR:process_reader_win.cc(233)] ReadMemory at 0x74d40000 of 64 bytes failed: 仅完成部分的 ReadProcessMemory 或 WriteProcessMemory 请求。 (0x12B)
[1213/180726:WARNING:pe_image_reader.cc(281)] could not read dos header from C:\Windows\SYSTEM32\combase.dll
[1213/180726:ERROR:process_reader_win.cc(233)] ReadMemory at 0x74f00000 of 64 bytes failed: 仅完成部分的 ReadProcessMemory 或 WriteProcessMemory 请求。 (0x12B)
[1213/180726:WARNING:pe_image_reader.cc(281)] could not read dos header from C:\Windows\SYSTEM32\USER32.dll
[1213/180726:ERROR:process_reader_win.cc(233)] ReadMemory at 0x76e00000 of 64 bytes failed: 仅完成部分的 ReadProcessMemory 或 WriteProcessMemory 请求。 (0x12B)
[1213/180726:WARNING:pe_image_reader.cc(281)] could not read dos header from C:\Windows\SYSTEM32\GDI32.dll
[1213/180726:ERROR:process_reader_win.cc(233)] ReadMemory at 0x74b50000 of 64 bytes failed: 仅完成部分的 ReadProcessMemory 或 WriteProcessMemory 请求。 (0x12B)
[1213/180726:WARNING:pe_image_reader.cc(281)] could not read dos header from C:\Windows\SYSTEM32\IMM32.DLL
[1213/180726:ERROR:process_reader_win.cc(233)] ReadMemory at 0x76850000 of 64 bytes failed: 仅完成部分的 ReadProcessMemory 或 WriteProcessMemory 请求。 (0x12B)
[1213/180726:WARNING:pe_image_reader.cc(281)] could not read dos header from C:\Windows\SYSTEM32\shlwapi.dll
[1213/180726:ERROR:process_reader_win.cc(233)] ReadMemory at 0x74b40000 of 64 bytes failed: 仅完成部分的 ReadProcessMemory 或 WriteProcessMemory 请求。 (0x12B)
[1213/180726:WARNING:pe_image_reader.cc(281)] could not read dos header from C:\Windows\SYSTEM32\kernel.appcore.dll
[1213/180726:ERROR:process_reader_win.cc(233)] ReadMemory at 0x74ab0000 of 64 bytes failed: 仅完成部分的 ReadProcessMemory 或 WriteProcessMemory 请求。 (0x12B)
[1213/180726:WARNING:pe_image_reader.cc(281)] could not read dos header from C:\Windows\SYSTEM32\shcore.dll
[1213/180726:ERROR:process_reader_win.cc(233)] ReadMemory at 0x748e0000 of 64 bytes failed: 仅完成部分的 ReadProcessMemory 或 WriteProcessMemory 请求。 (0x12B)
[1213/180726:WARNING:pe_image_reader.cc(281)] could not read dos header from C:\Windows\SYSTEM32\powrprof.dll
[1213/180726:ERROR:process_reader_win.cc(233)] ReadMemory at 0x74c40000 of 64 bytes failed: 仅完成部分的 ReadProcessMemory 或 WriteProcessMemory 请求。 (0x12B)
[1213/180726:WARNING:pe_image_reader.cc(281)] could not read dos header from C:\Windows\SYSTEM32\profapi.dll
[1213/180726:ERROR:process_reader_win.cc(233)] ReadMemory at 0x74090000 of 64 bytes failed: 仅完成部分的 ReadProcessMemory 或 WriteProcessMemory 请求。 (0x12B)
[1213/180726:WARNING:pe_image_reader.cc(281)] could not read dos header from C:\Windows\SYSTEM32\windows.storage.dll
[1213/180726:ERROR:process_reader_win.cc(233)] ReadMemory at 0x75440000 of 64 bytes failed: 仅完成部分的 ReadProcessMemory 或 WriteProcessMemory 请求。 (0x12B)
[1213/180726:WARNING:pe_image_reader.cc(281)] could not read dos header from C:\Windows\SYSTEM32\SHELL32.dll
[1213/180726:ERROR:process_reader_win.cc(233)] ReadMemory at 0x73bf0000 of 64 bytes failed: 仅完成部分的 ReadProcessMemory 或 WriteProcessMemory 请求。 (0x12B)
[1213/180726:WARNING:pe_image_reader.cc(281)] could not read dos header from C:\Windows\SYSTEM32\WINMMBASE.dll
[1213/180726:ERROR:process_reader_win.cc(233)] ReadMemory at 0x73c20000 of 64 bytes failed: 仅完成部分的 ReadProcessMemory 或 WriteProcessMemory 请求。 (0x12B)
[1213/180726:WARNING:pe_image_reader.cc(281)] could not read dos header from C:\Windows\SYSTEM32\WINMM.dll
[1213/180726:ERROR:process_reader_win.cc(233)] ReadMemory at 0x74000000 of 64 bytes failed: 仅完成部分的 ReadProcessMemory 或 WriteProcessMemory 请求。 (0x12B)
[1213/180726:WARNING:pe_image_reader.cc(281)] could not read dos header from C:\Windows\SYSTEM32\WTSAPI32.dll
[1213/180726:ERROR:process_reader_win.cc(233)] ReadMemory at 0x73fe0000 of 64 bytes failed: 仅完成部分的 ReadProcessMemory 或 WriteProcessMemory 请求。 (0x12B)
[1213/180726:WARNING:pe_image_reader.cc(281)] could not read dos header from C:\Windows\SYSTEM32\USERENV.dll
[1213/180726:ERROR:process_reader_win.cc(233)] ReadMemory at 0x71a20000 of 64 bytes failed: 仅完成部分的 ReadProcessMemory 或 WriteProcessMemory 请求。 (0x12B)
[1213/180726:WARNING:pe_image_reader.cc(281)] could not read dos header from C:\Windows\SYSTEM32\WINHTTP.dll
[1213/180726:ERROR:process_reader_win.cc(233)] ReadMemory at 0x751e0000 of 64 bytes failed: 仅完成部分的 ReadProcessMemory 或 WriteProcessMemory 请求。 (0x12B)
[1213/180726:WARNING:pe_image_reader.cc(281)] could not read dos header from C:\Windows\SYSTEM32\ole32.dll
[1213/180726:ERROR:process_reader_win.cc(233)] ReadMemory at 0x76d50000 of 64 bytes failed: 仅完成部分的 ReadProcessMemory 或 WriteProcessMemory 请求。 (0x12B)
[1213/180726:WARNING:pe_image_reader.cc(281)] could not read dos header from C:\Windows\SYSTEM32\OLEAUT32.dll
[1213/180726:ERROR:process_reader_win.cc(233)] ReadMemory at 0x75050000 of 64 bytes failed: 仅完成部分的 ReadProcessMemory 或 WriteProcessMemory 请求。 (0x12B)
[1213/180726:WARNING:pe_image_reader.cc(281)] could not read dos header from C:\Windows\SYSTEM32\WS2_32.dll
[1213/180726:ERROR:process_reader_win.cc(233)] ReadMemory at 0x76d30000 of 64 bytes failed: 仅完成部分的 ReadProcessMemory 或 WriteProcessMemory 请求。 (0x12B)
[1213/180726:WARNING:pe_image_reader.cc(281)] could not read dos header from C:\Windows\SYSTEM32\NETAPI32.dll
[1213/180726:ERROR:process_reader_win.cc(233)] ReadMemory at 0x73190000 of 64 bytes failed: 仅完成部分的 ReadProcessMemory 或 WriteProcessMemory 请求。 (0x12B)
[1213/180726:WARNING:pe_image_reader.cc(281)] could not read dos header from C:\Windows\SYSTEM32\bcrypt.dll
[1213/180726:ERROR:process_reader_win.cc(233)] ReadMemory at 0x731b0000 of 64 bytes failed: 仅完成部分的 ReadProcessMemory 或 WriteProcessMemory 请求。 (0x12B)
[1213/180726:WARNING:pe_image_reader.cc(281)] could not read dos header from C:\Windows\SYSTEM32\WKSCLI.DLL
[1213/180726:ERROR:process_reader_win.cc(233)] ReadMemory at 0x739c0000 of 64 bytes failed: 仅完成部分的 ReadProcessMemory 或 WriteProcessMemory 请求。 (0x12B)
[1213/180726:WARNING:pe_image_reader.cc(281)] could not read dos header from C:\Windows\SYSTEM32\NETUTILS.DLL
[1213/180726:ERROR:process_reader_win.cc(233)] ReadMemory at 0x73370000 of 64 bytes failed: 仅完成部分的 ReadProcessMemory 或 WriteProcessMemory 请求。 (0x12B)
[1213/180726:WARNING:pe_image_reader.cc(281)] could not read dos header from C:\Program Files (x86)\360\360Safe\safemon\safemon.dll
[1213/180726:ERROR:process_reader_win.cc(233)] ReadMemory at 0x67b40000 of 64 bytes failed: 仅完成部分的 ReadProcessMemory 或 WriteProcessMemory 请求。 (0x12B)
[1213/180726:WARNING:pe_image_reader.cc(281)] could not read dos header from C:\Program Files (x86)\360\360Safe\safemon\iNetSafe.dll
[1213/180726:ERROR:process_reader_win.cc(233)] ReadMemory at 0x728a0000 of 64 bytes failed: 仅完成部分的 ReadProcessMemory 或 WriteProcessMemory 请求。 (0x12B)
[1213/180726:WARNING:pe_image_reader.cc(281)] could not read dos header from C:\Windows\SYSTEM32\dbghelp.dll
[1213/180726:ERROR:process_reader_win.cc(233)] ReadMemory at 0x70a80000 of 64 bytes failed: 仅完成部分的 ReadProcessMemory 或 WriteProcessMemory 请求。 (0x12B)
[1213/180726:WARNING:pe_image_reader.cc(281)] could not read dos header from C:\Windows\WinSxS\x86_microsoft.windows.common-controls_6595b64144ccf1df_6.0.10586.672_none_ea83eaa5b9bc2149\COMCTL32.dll
[1213/180726:ERROR:process_reader_win.cc(233)] ReadMemory at 0x76cd0000 of 64 bytes failed: 仅完成部分的 ReadProcessMemory 或 WriteProcessMemory 请求。 (0x12B)
[1213/180726:WARNING:pe_image_reader.cc(281)] could not read dos header from C:\Windows\SYSTEM32\FirewallAPI.dll
[1213/180726:ERROR:process_reader_win.cc(233)] ReadMemory at 0x73200000 of 64 bytes failed: 仅完成部分的 ReadProcessMemory 或 WriteProcessMemory 请求。 (0x12B)
[1213/180726:WARNING:pe_image_reader.cc(281)] could not read dos header from C:\Windows\SYSTEM32\fwbase.dll
[1213/180726:ERROR:process_reader_win.cc(233)] ReadMemory at 0x72450000 of 64 bytes failed: 仅完成部分的 ReadProcessMemory 或 WriteProcessMemory 请求。 (0x12B)
[1213/180726:WARNING:pe_image_reader.cc(281)] could not read dos header from C:\Windows\SYSTEM32\DAVHLPR.DLL
[1213/180726:ERROR:process_reader_win.cc(233)] ReadMemory at 0x77200000 of 64 bytes failed: 仅完成部分的 ReadProcessMemory 或 WriteProcessMemory 请求。 (0x12B)
[1213/180726:WARNING:pe_image_reader.cc(281)] could not read dos header from C:\Windows\SYSTEM32\COMDLG32.dll
[1213/180726:ERROR:process_reader_win.cc(233)] ReadMemory at 0x709a0000 of 64 bytes failed: 仅完成部分的 ReadProcessMemory 或 WriteProcessMemory 请求。 (0x12B)
[1213/180726:WARNING:pe_image_reader.cc(281)] could not read dos header from C:\Windows\SYSTEM32\USP10.dll
[1213/180726:ERROR:process_reader_win.cc(233)] ReadMemory at 0x6e0a0000 of 64 bytes failed: 仅完成部分的 ReadProcessMemory 或 WriteProcessMemory 请求。 (0x12B)
[1213/180726:WARNING:pe_image_reader.cc(281)] could not read dos header from C:\Windows\SYSTEM32\WINSPOOL.DRV
[1213/180726:ERROR:process_reader_win.cc(233)] ReadMemory at 0x73e20000 of 64 bytes failed: 仅完成部分的 ReadProcessMemory 或 WriteProcessMemory 请求。 (0x12B)
[1213/180726:WARNING:pe_image_reader.cc(281)] could not read dos header from C:\Windows\SYSTEM32\IPHLPAPI.DLL
[1213/180726:ERROR:process_reader_win.cc(233)] ReadMemory at 0x73b70000 of 64 bytes failed: 仅完成部分的 ReadProcessMemory 或 WriteProcessMemory 请求。 (0x12B)
[1213/180726:WARNING:pe_image_reader.cc(281)] could not read dos header from C:\Windows\SYSTEM32\Secur32.dll
[1213/180726:ERROR:process_reader_win.cc(233)] ReadMemory at 0x6dea0000 of 64 bytes failed: 仅完成部分的 ReadProcessMemory 或 WriteProcessMemory 请求。 (0x12B)
[1213/180726:WARNING:pe_image_reader.cc(281)] could not read dos header from C:\Windows\SYSTEM32\DWrite.dll
[1213/180726:ERROR:process_reader_win.cc(233)] ReadMemory at 0x76df0000 of 64 bytes failed: 仅完成部分的 ReadProcessMemory 或 WriteProcessMemory 请求。 (0x12B)
[1213/180726:WARNING:pe_image_reader.cc(281)] could not read dos header from C:\Windows\SYSTEM32\MSASN1.dll
[1213/180726:ERROR:process_reader_win.cc(233)] ReadMemory at 0x74760000 of 64 bytes failed: 仅完成部分的 ReadProcessMemory 或 WriteProcessMemory 请求。 (0x12B)
[1213/180726:WARNING:pe_image_reader.cc(281)] could not read dos header from C:\Windows\SYSTEM32\CRYPT32.dll
[1213/180726:ERROR:process_reader_win.cc(233)] ReadMemory at 0x74590000 of 64 bytes failed: 仅完成部分的 ReadProcessMemory 或 WriteProcessMemory 请求。 (0x12B)
[1213/180726:WARNING:pe_image_reader.cc(281)] could not read dos header from C:\Windows\SYSTEM32\WINTRUST.dll
[1213/180726:ERROR:process_reader_win.cc(233)] ReadMemory at 0xf820000 of 64 bytes failed: 仅完成部分的 ReadProcessMemory 或 WriteProcessMemory 请求。 (0x12B)
[1213/180726:WARNING:pe_image_reader.cc(281)] could not read dos header from C:\Program Files (x86)\Google\Chrome\Application\55.0.2883.75\chrome_child.dll
[1213/180726:ERROR:process_reader_win.cc(233)] ReadMemory at 0xbe0000 of 64 bytes failed: 仅完成部分的 ReadProcessMemory 或 WriteProcessMemory 请求。 (0x12B)
[1213/180726:WARNING:pe_image_reader.cc(281)] could not read dos header from C:\Program Files (x86)\Google\Chrome\Application\chrome.exe
[1213/180726:ERROR:process_reader_win.cc(233)] ReadMemory at 0x77300000 of 64 bytes failed: 仅完成部分的 ReadProcessMemory 或 WriteProcessMemory 请求。 (0x12B)
[1213/180726:WARNING:pe_image_reader.cc(281)] could not read dos header from C:\Windows\SYSTEM32\ntdll.dll
[1213/180726:ERROR:process_reader_win.cc(233)] ReadMemory at 0x74930000 of 64 bytes failed: 仅完成部分的 ReadProcessMemory 或 WriteProcessMemory 请求。 (0x12B)
[1213/180726:WARNING:pe_image_reader.cc(281)] could not read dos header from C:\Windows\SYSTEM32\KERNELBASE.dll
[1213/180726:ERROR:process_reader_win.cc(233)] ReadMemory at 0x75360000 of 64 bytes failed: 仅完成部分的 ReadProcessMemory 或 WriteProcessMemory 请求。 (0x12B)
[1213/180726:WARNING:pe_image_reader.cc(281)] could not read dos header from C:\Windows\SYSTEM32\KERNEL32.DLL
[1213/180726:ERROR:process_reader_win.cc(233)] ReadMemory at 0x6c1b0000 of 64 bytes failed: 仅完成部分的 ReadProcessMemory 或 WriteProcessMemory 请求。 (0x12B)
[1213/180726:WARNING:pe_image_reader.cc(281)] could not read dos header from C:\Windows\system32\apphelp.dll
[1213/180726:ERROR:process_reader_win.cc(233)] ReadMemory at 0x74b80000 of 64 bytes failed: 仅完成部分的 ReadProcessMemory 或 WriteProcessMemory 请求。 (0x12B)
[1213/180726:WARNING:pe_image_reader.cc(281)] could not read dos header from C:\Windows\SYSTEM32\msvcrt.dll
[1213/180726:ERROR:process_reader_win.cc(233)] ReadMemory at 0x74010000 of 64 bytes failed: 仅完成部分的 ReadProcessMemory 或 WriteProcessMemory 请求。 (0x12B)
[1213/180726:WARNING:pe_image_reader.cc(281)] could not read dos header from C:\Windows\SYSTEM32\VERSION.dll
[1213/180726:ERROR:process_reader_win.cc(233)] ReadMemory at 0x608f0000 of 64 bytes failed: 仅完成部分的 ReadProcessMemory 或 WriteProcessMemory 请求。 (0x12B)
[1213/180726:WARNING:pe_image_reader.cc(281)] could not read dos header from C:\Program Files (x86)\Google\Chrome\Application\55.0.2883.75\chrome_elf.dll
[1213/180726:ERROR:process_reader_win.cc(233)] ReadMemory at 0x74700000 of 64 bytes failed: 仅完成部分的 ReadProcessMemory 或 WriteProcessMemory 请求。 (0x12B)
[1213/180726:WARNING:pe_image_reader.cc(281)] could not read dos header from C:\Windows\SYSTEM32\bcryptPrimitives.dll
[1213/180726:ERROR:process_reader_win.cc(233)] ReadMemory at 0x74020000 of 64 bytes failed: 仅完成部分的 ReadProcessMemory 或 WriteProcessMemory 请求。 (0x12B)
[1213/180726:WARNING:pe_image_reader.cc(281)] could not read dos header from C:\Windows\SYSTEM32\CRYPTBASE.dll
[1213/180726:ERROR:process_reader_win.cc(233)] ReadMemory at 0x74030000 of 64 bytes failed: 仅完成部分的 ReadProcessMemory 或 WriteProcessMemory 请求。 (0x12B)
[1213/180726:WARNING:pe_image_reader.cc(281)] could not read dos header from C:\Windows\SYSTEM32\SspiCli.dll
[1213/180726:ERROR:process_reader_win.cc(233)] ReadMemory at 0x75130000 of 64 bytes failed: 仅完成部分的 ReadProcessMemory 或 WriteProcessMemory 请求。 (0x12B)
[1213/180726:WARNING:pe_image_reader.cc(281)] could not read dos header from C:\Windows\SYSTEM32\RPCRT4.dll
[1213/180726:ERROR:process_reader_win.cc(233)] ReadMemory at 0x74c50000 of 64 bytes failed: 仅完成部分的 ReadProcessMemory 或 WriteProcessMemory 请求。 (0x12B)
[1213/180726:WARNING:pe_image_reader.cc(281)] could not read dos header from C:\Windows\SYSTEM32\sechost.dll
[1213/180726:ERROR:process_reader_win.cc(233)] ReadMemory at 0x750b0000 of 64 bytes failed: 仅完成部分的 ReadProcessMemory 或 WriteProcessMemory 请求。 (0x12B)
[1213/180726:WARNING:pe_image_reader.cc(281)] could not read dos header from C:\Windows\SYSTEM32\ADVAPI32.dll
[1213/180726:ERROR:process_reader_win.cc(233)] ReadMemory at 0x76840000 of 64 bytes failed: 仅完成部分的 ReadProcessMemory 或 WriteProcessMemory 请求。 (0x12B)
[1213/180726:WARNING:pe_image_reader.cc(281)] could not read dos header from C:\Windows\SYSTEM32\PSAPI.DLL
[1213/180726:ERROR:process_reader_win.cc(233)] ReadMemory at 0x74050000 of 64 bytes failed: 仅完成部分的 ReadProcessMemory 或 WriteProcessMemory 请求。 (0x12B)
[1213/180726:WARNING:pe_image_reader.cc(281)] could not read dos header from C:\Windows\SYSTEM32\cfgmgr32.dll
[1213/180726:ERROR:process_reader_win.cc(233)] ReadMemory at 0x74d40000 of 64 bytes failed: 仅完成部分的 ReadProcessMemory 或 WriteProcessMemory 请求。 (0x12B)
[1213/180726:WARNING:pe_image_reader.cc(281)] could not read dos header from C:\Windows\SYSTEM32\combase.dll
[1213/180726:ERROR:process_reader_win.cc(233)] ReadMemory at 0x74f00000 of 64 bytes failed: 仅完成部分的 ReadProcessMemory 或 WriteProcessMemory 请求。 (0x12B)
[1213/180726:WARNING:pe_image_reader.cc(281)] could not read dos header from C:\Windows\SYSTEM32\USER32.dll
[1213/180726:ERROR:process_reader_win.cc(233)] ReadMemory at 0x76e00000 of 64 bytes failed: 仅完成部分的 ReadProcessMemory 或 WriteProcessMemory 请求。 (0x12B)
[1213/180726:WARNING:pe_image_reader.cc(281)] could not read dos header from C:\Windows\SYSTEM32\GDI32.dll
[1213/180726:ERROR:process_reader_win.cc(233)] ReadMemory at 0x74b50000 of 64 bytes failed: 仅完成部分的 ReadProcessMemory 或 WriteProcessMemory 请求。 (0x12B)
[1213/180726:WARNING:pe_image_reader.cc(281)] could not read dos header from C:\Windows\SYSTEM32\IMM32.DLL
[1213/180726:ERROR:process_reader_win.cc(233)] ReadMemory at 0x76850000 of 64 bytes failed: 仅完成部分的 ReadProcessMemory 或 WriteProcessMemory 请求。 (0x12B)
[1213/180726:WARNING:pe_image_reader.cc(281)] could not read dos header from C:\Windows\SYSTEM32\shlwapi.dll
[1213/180726:ERROR:process_reader_win.cc(233)] ReadMemory at 0x74b40000 of 64 bytes failed: 仅完成部分的 ReadProcessMemory 或 WriteProcessMemory 请求。 (0x12B)
[1213/180726:WARNING:pe_image_reader.cc(281)] could not read dos header from C:\Windows\SYSTEM32\kernel.appcore.dll
[1213/180726:ERROR:process_reader_win.cc(233)] ReadMemory at 0x74ab0000 of 64 bytes failed: 仅完成部分的 ReadProcessMemory 或 WriteProcessMemory 请求。 (0x12B)
[1213/180726:WARNING:pe_image_reader.cc(281)] could not read dos header from C:\Windows\SYSTEM32\shcore.dll
[1213/180726:ERROR:process_reader_win.cc(233)] ReadMemory at 0x748e0000 of 64 bytes failed: 仅完成部分的 ReadProcessMemory 或 WriteProcessMemory 请求。 (0x12B)
[1213/180726:WARNING:pe_image_reader.cc(281)] could not read dos header from C:\Windows\SYSTEM32\powrprof.dll
[1213/180726:ERROR:process_reader_win.cc(233)] ReadMemory at 0x74c40000 of 64 bytes failed: 仅完成部分的 ReadProcessMemory 或 WriteProcessMemory 请求。 (0x12B)
[1213/180726:WARNING:pe_image_reader.cc(281)] could not read dos header from C:\Windows\SYSTEM32\profapi.dll
[1213/180726:ERROR:process_reader_win.cc(233)] ReadMemory at 0x74090000 of 64 bytes failed: 仅完成部分的 ReadProcessMemory 或 WriteProcessMemory 请求。 (0x12B)
[1213/180726:WARNING:pe_image_reader.cc(281)] could not read dos header from C:\Windows\SYSTEM32\windows.storage.dll
[1213/180726:ERROR:process_reader_win.cc(233)] ReadMemory at 0x75440000 of 64 bytes failed: 仅完成部分的 ReadProcessMemory 或 WriteProcessMemory 请求。 (0x12B)
[1213/180726:WARNING:pe_image_reader.cc(281)] could not read dos header from C:\Windows\SYSTEM32\SHELL32.dll
[1213/180726:ERROR:process_reader_win.cc(233)] ReadMemory at 0x73bf0000 of 64 bytes failed: 仅完成部分的 ReadProcessMemory 或 WriteProcessMemory 请求。 (0x12B)
[1213/180726:WARNING:pe_image_reader.cc(281)] could not read dos header from C:\Windows\SYSTEM32\WINMMBASE.dll
[1213/180726:ERROR:process_reader_win.cc(233)] ReadMemory at 0x73c20000 of 64 bytes failed: 仅完成部分的 ReadProcessMemory 或 WriteProcessMemory 请求。 (0x12B)
[1213/180726:WARNING:pe_image_reader.cc(281)] could not read dos header from C:\Windows\SYSTEM32\WINMM.dll
[1213/180726:ERROR:process_reader_win.cc(233)] ReadMemory at 0x74000000 of 64 bytes failed: 仅完成部分的 ReadProcessMemory 或 WriteProcessMemory 请求。 (0x12B)
[1213/180726:WARNING:pe_image_reader.cc(281)] could not read dos header from C:\Windows\SYSTEM32\WTSAPI32.dll
[1213/180726:ERROR:process_reader_win.cc(233)] ReadMemory at 0x73fe0000 of 64 bytes failed: 仅完成部分的 ReadProcessMemory 或 WriteProcessMemory 请求。 (0x12B)
[1213/180726:WARNING:pe_image_reader.cc(281)] could not read dos header from C:\Windows\SYSTEM32\USERENV.dll
[1213/180726:ERROR:process_reader_win.cc(233)] ReadMemory at 0x71a20000 of 64 bytes failed: 仅完成部分的 ReadProcessMemory 或 WriteProcessMemory 请求。 (0x12B)
[1213/180726:WARNING:pe_image_reader.cc(281)] could not read dos header from C:\Windows\SYSTEM32\WINHTTP.dll
[1213/180726:ERROR:process_reader_win.cc(233)] ReadMemory at 0x751e0000 of 64 bytes failed: 仅完成部分的 ReadProcessMemory 或 WriteProcessMemory 请求。 (0x12B)
[1213/180726:WARNING:pe_image_reader.cc(281)] could not read dos header from C:\Windows\SYSTEM32\ole32.dll
[1213/180726:ERROR:process_reader_win.cc(233)] ReadMemory at 0x76d50000 of 64 bytes failed: 仅完成部分的 ReadProcessMemory 或 WriteProcessMemory 请求。 (0x12B)
[1213/180726:WARNING:pe_image_reader.cc(281)] could not read dos header from C:\Windows\SYSTEM32\OLEAUT32.dll
[1213/180726:ERROR:process_reader_win.cc(233)] ReadMemory at 0x75050000 of 64 bytes failed: 仅完成部分的 ReadProcessMemory 或 WriteProcessMemory 请求。 (0x12B)
[1213/180726:WARNING:pe_image_reader.cc(281)] could not read dos header from C:\Windows\SYSTEM32\WS2_32.dll
[1213/180726:ERROR:process_reader_win.cc(233)] ReadMemory at 0x76d30000 of 64 bytes failed: 仅完成部分的 ReadProcessMemory 或 WriteProcessMemory 请求。 (0x12B)
[1213/180726:WARNING:pe_image_reader.cc(281)] could not read dos header from C:\Windows\SYSTEM32\NETAPI32.dll
[1213/180726:ERROR:process_reader_win.cc(233)] ReadMemory at 0x73190000 of 64 bytes failed: 仅完成部分的 ReadProcessMemory 或 WriteProcessMemory 请求。 (0x12B)
[1213/180726:WARNING:pe_image_reader.cc(281)] could not read dos header from C:\Windows\SYSTEM32\bcrypt.dll
[1213/180726:ERROR:process_reader_win.cc(233)] ReadMemory at 0x731b0000 of 64 bytes failed: 仅完成部分的 ReadProcessMemory 或 WriteProcessMemory 请求。 (0x12B)
[1213/180726:WARNING:pe_image_reader.cc(281)] could not read dos header from C:\Windows\SYSTEM32\WKSCLI.DLL
[1213/180726:ERROR:process_reader_win.cc(233)] ReadMemory at 0x739c0000 of 64 bytes failed: 仅完成部分的 ReadProcessMemory 或 WriteProcessMemory 请求。 (0x12B)
[1213/180726:WARNING:pe_image_reader.cc(281)] could not read dos header from C:\Windows\SYSTEM32\NETUTILS.DLL
[1213/180726:ERROR:process_reader_win.cc(233)] ReadMemory at 0x73370000 of 64 bytes failed: 仅完成部分的 ReadProcessMemory 或 WriteProcessMemory 请求。 (0x12B)
[1213/180726:WARNING:pe_image_reader.cc(281)] could not read dos header from C:\Program Files (x86)\360\360Safe\safemon\safemon.dll
[1213/180726:ERROR:process_reader_win.cc(233)] ReadMemory at 0x67b40000 of 64 bytes failed: 仅完成部分的 ReadProcessMemory 或 WriteProcessMemory 请求。 (0x12B)
[1213/180726:WARNING:pe_image_reader.cc(281)] could not read dos header from C:\Program Files (x86)\360\360Safe\safemon\iNetSafe.dll
[1213/180726:ERROR:process_reader_win.cc(233)] ReadMemory at 0x728a0000 of 64 bytes failed: 仅完成部分的 ReadProcessMemory 或 WriteProcessMemory 请求。 (0x12B)
[1213/180726:WARNING:pe_image_reader.cc(281)] could not read dos header from C:\Windows\SYSTEM32\dbghelp.dll
[1213/180726:ERROR:process_reader_win.cc(233)] ReadMemory at 0x70a80000 of 64 bytes failed: 仅完成部分的 ReadProcessMemory 或 WriteProcessMemory 请求。 (0x12B)
[1213/180726:WARNING:pe_image_reader.cc(281)] could not read dos header from C:\Windows\WinSxS\x86_microsoft.windows.common-controls_6595b64144ccf1df_6.0.10586.672_none_ea83eaa5b9bc2149\COMCTL32.dll
[1213/180726:ERROR:process_reader_win.cc(233)] ReadMemory at 0x76cd0000 of 64 bytes failed: 仅完成部分的 ReadProcessMemory 或 WriteProcessMemory 请求。 (0x12B)
[1213/180726:WARNING:pe_image_reader.cc(281)] could not read dos header from C:\Windows\SYSTEM32\FirewallAPI.dll
[1213/180726:ERROR:process_reader_win.cc(233)] ReadMemory at 0x73200000 of 64 bytes failed: 仅完成部分的 ReadProcessMemory 或 WriteProcessMemory 请求。 (0x12B)
[1213/180726:WARNING:pe_image_reader.cc(281)] could not read dos header from C:\Windows\SYSTEM32\fwbase.dll
[1213/180726:ERROR:process_reader_win.cc(233)] ReadMemory at 0x72450000 of 64 bytes failed: 仅完成部分的 ReadProcessMemory 或 WriteProcessMemory 请求。 (0x12B)
[1213/180726:WARNING:pe_image_reader.cc(281)] could not read dos header from C:\Windows\SYSTEM32\DAVHLPR.DLL
[1213/180726:ERROR:process_reader_win.cc(233)] ReadMemory at 0x77200000 of 64 bytes failed: 仅完成部分的 ReadProcessMemory 或 WriteProcessMemory 请求。 (0x12B)
[1213/180726:WARNING:pe_image_reader.cc(281)] could not read dos header from C:\Windows\SYSTEM32\COMDLG32.dll
[1213/180726:ERROR:process_reader_win.cc(233)] ReadMemory at 0x709a0000 of 64 bytes failed: 仅完成部分的 ReadProcessMemory 或 WriteProcessMemory 请求。 (0x12B)
[1213/180726:WARNING:pe_image_reader.cc(281)] could not read dos header from C:\Windows\SYSTEM32\USP10.dll
[1213/180726:ERROR:process_reader_win.cc(233)] ReadMemory at 0x6e0a0000 of 64 bytes failed: 仅完成部分的 ReadProcessMemory 或 WriteProcessMemory 请求。 (0x12B)
[1213/180726:WARNING:pe_image_reader.cc(281)] could not read dos header from C:\Windows\SYSTEM32\WINSPOOL.DRV
[1213/180726:ERROR:process_reader_win.cc(233)] ReadMemory at 0x73e20000 of 64 bytes failed: 仅完成部分的 ReadProcessMemory 或 WriteProcessMemory 请求。 (0x12B)
[1213/180726:WARNING:pe_image_reader.cc(281)] could not read dos header from C:\Windows\SYSTEM32\IPHLPAPI.DLL
[1213/180726:ERROR:process_reader_win.cc(233)] ReadMemory at 0x73b70000 of 64 bytes failed: 仅完成部分的 ReadProcessMemory 或 WriteProcessMemory 请求。 (0x12B)
[1213/180726:WARNING:pe_image_reader.cc(281)] could not read dos header from C:\Windows\SYSTEM32\Secur32.dll
[1213/180726:ERROR:process_reader_win.cc(233)] ReadMemory at 0x6dea0000 of 64 bytes failed: 仅完成部分的 ReadProcessMemory 或 WriteProcessMemory 请求。 (0x12B)
[1213/180726:WARNING:pe_image_reader.cc(281)] could not read dos header from C:\Windows\SYSTEM32\DWrite.dll
[1213/180726:ERROR:process_reader_win.cc(233)] ReadMemory at 0x76df0000 of 64 bytes failed: 仅完成部分的 ReadProcessMemory 或 WriteProcessMemory 请求。 (0x12B)
[1213/180726:WARNING:pe_image_reader.cc(281)] could not read dos header from C:\Windows\SYSTEM32\MSASN1.dll
[1213/180726:ERROR:process_reader_win.cc(233)] ReadMemory at 0x74760000 of 64 bytes failed: 仅完成部分的 ReadProcessMemory 或 WriteProcessMemory 请求。 (0x12B)
[1213/180726:WARNING:pe_image_reader.cc(281)] could not read dos header from C:\Windows\SYSTEM32\CRYPT32.dll
[1213/180726:ERROR:process_reader_win.cc(233)] ReadMemory at 0x74590000 of 64 bytes failed: 仅完成部分的 ReadProcessMemory 或 WriteProcessMemory 请求。 (0x12B)
[1213/180726:WARNING:pe_image_reader.cc(281)] could not read dos header from C:\Windows\SYSTEM32\WINTRUST.dll
[1213/180726:ERROR:process_reader_win.cc(233)] ReadMemory at 0xf820000 of 64 bytes failed: 仅完成部分的 ReadProcessMemory 或 WriteProcessMemory 请求。 (0x12B)
[1213/180726:WARNING:pe_image_reader.cc(281)] could not read dos header from C:\Program Files (x86)\Google\Chrome\Application\55.0.2883.75\chrome_child.dll
[1213/180726:ERROR:process_reader_win.cc(233)] ReadMemory at 0x10f5000 of 45056 bytes failed: 仅完成部分的 ReadProcessMemory 或 WriteProcessMemory 请求。 (0x12B)
[1213/180726:ERROR:crash_report_exception_handler.cc(112)] WriteEverything failed
[1213/180726:ERROR:scoped_process_suspend.cc(38)] NtResumeProcess: 已尝试访问正在退出的过程。  (0xc000010a)
[1213/190350:ERROR:http_transport_win.cc(50)] WinHttpSendRequest: 操作超时  (0x2EE2)
